{
  "stats": {
    "suites": 1,
    "tests": 2,
    "passes": 1,
    "pending": 0,
    "failures": 1,
    "start": "2025-01-03T17:38:05.295Z",
    "end": "2025-01-03T17:38:11.151Z",
    "duration": 5856,
    "testsRegistered": 2,
    "passPercent": 50,
    "pendingPercent": 0,
    "other": 0,
    "hasOther": false,
    "skipped": 0,
    "hasSkipped": false
  },
  "results": [
    {
      "uuid": "edf6678d-e798-4324-b363-e5b39562b2ca",
      "title": "",
      "fullFile": "cypress\\tests\\3-core\\store.cy.js",
      "file": "cypress\\tests\\3-core\\store.cy.js",
      "beforeHooks": [],
      "afterHooks": [],
      "tests": [],
      "suites": [
        {
          "uuid": "35d9b739-1574-4362-a717-27f4d7d7a995",
          "title": "CORE - Store",
          "fullFile": "",
          "file": "",
          "beforeHooks": [],
          "afterHooks": [],
          "tests": [
            {
              "title": "CORE - Store - No products found",
              "fullTitle": "CORE - Store CORE - Store - No products found",
              "timedOut": null,
              "duration": 5086,
              "state": "failed",
              "speed": null,
              "pass": false,
              "fail": true,
              "pending": false,
              "context": null,
              "code": "storePage.interceptProductsAPI_mockNoProducts();\ncy.visit('/');\nloginPage.makeLogin();\nstorePage.getNoProductsFoundLbl().invoke('text').should('eq', 'No products found');",
              "err": {
                "message": "AssertionError: Timed out retrying after 4000ms: Expected to find element: `[data-test-name=\"no-products-found\"]`, but never found it.",
                "estack": "AssertionError: Timed out retrying after 4000ms: Expected to find element: `[data-test-name=\"no-products-found\"]`, but never found it.\n    at StorePage.getNoProductsFoundLbl (webpack:///./cypress/support/page_objects/storePage.js:124:18)\n    at Context.eval (webpack:///./cypress/tests/3-core/store.cy.js:14:14)",
                "diff": null
              },
              "uuid": "72dbdb0e-0eab-43ac-8a8c-0a9a2bd9d668",
              "parentUUID": "35d9b739-1574-4362-a717-27f4d7d7a995",
              "isHook": false,
              "skipped": false
            },
            {
              "title": "CORE - Store - No stock",
              "fullTitle": "CORE - Store CORE - Store - No stock",
              "timedOut": null,
              "duration": 682,
              "state": "passed",
              "speed": "fast",
              "pass": true,
              "fail": false,
              "pending": false,
              "context": null,
              "code": "storePage.interceptProductsAPI_mockOutOfStock();\ncy.visit('/');\nloginPage.makeLogin();\nstorePage.getOutOfStockLbl().invoke('text').should('eq', 'Out of Stock!');",
              "err": {},
              "uuid": "7b8d2a7b-eddf-4b71-ae4f-474dac7b80a1",
              "parentUUID": "35d9b739-1574-4362-a717-27f4d7d7a995",
              "isHook": false,
              "skipped": false
            }
          ],
          "suites": [],
          "passes": [
            "7b8d2a7b-eddf-4b71-ae4f-474dac7b80a1"
          ],
          "failures": [
            "72dbdb0e-0eab-43ac-8a8c-0a9a2bd9d668"
          ],
          "pending": [],
          "skipped": [],
          "duration": 5768,
          "root": false,
          "rootEmpty": false,
          "_timeout": 2000
        }
      ],
      "passes": [],
      "failures": [],
      "pending": [],
      "skipped": [],
      "duration": 0,
      "root": true,
      "rootEmpty": true,
      "_timeout": 2000
    }
  ],
  "meta": {
    "mocha": {
      "version": "7.0.1"
    },
    "mochawesome": {
      "options": {
        "quiet": false,
        "reportFilename": "mochawesome",
        "saveHtml": false,
        "saveJson": true,
        "consoleReporter": "spec",
        "useInlineDiffs": false,
        "code": true
      },
      "version": "7.1.3"
    },
    "marge": {
      "options": {
        "reportDir": "cypress/results",
        "overwrite": false,
        "html": false,
        "json": true
      },
      "version": "6.2.0"
    }
  }
}