{
  "stats": {
    "suites": 1,
    "tests": 2,
    "passes": 0,
    "pending": 0,
    "failures": 2,
    "start": "2025-01-03T18:10:29.016Z",
    "end": "2025-01-03T18:10:29.394Z",
    "duration": 378,
    "testsRegistered": 2,
    "passPercent": 0,
    "pendingPercent": 0,
    "other": 0,
    "hasOther": false,
    "skipped": 0,
    "hasSkipped": false
  },
  "results": [
    {
      "uuid": "e76c4bb6-31da-467e-be31-1b6077f6a1b6",
      "title": "",
      "fullFile": "cypress\\tests\\3-core\\store.cy.js",
      "file": "cypress\\tests\\3-core\\store.cy.js",
      "beforeHooks": [],
      "afterHooks": [],
      "tests": [],
      "suites": [
        {
          "uuid": "80f6274e-0293-415b-9d32-f7124d627d46",
          "title": "CORE - Store",
          "fullFile": "",
          "file": "",
          "beforeHooks": [],
          "afterHooks": [],
          "tests": [
            {
              "title": "CORE - Store - No products found",
              "fullTitle": "CORE - Store CORE - Store - No products found",
              "timedOut": null,
              "duration": 183,
              "state": "failed",
              "speed": null,
              "pass": false,
              "fail": true,
              "pending": false,
              "context": null,
              "code": "storePage.interceptProductsAPI_mockNoProducts();\ncy.visit('/');\nloginPage.makeLogin();\nstorePage.getNoProductsFoundLbl().invoke('text').should('eq', 'No products found');",
              "err": {
                "message": "TypeError: storePage.interceptProductsAPI_mockNoProducts is not a function",
                "estack": "TypeError: storePage.interceptProductsAPI_mockNoProducts is not a function\n    at Context.eval (webpack:///./cypress/tests/3-core/store.cy.js:10:14)",
                "diff": null
              },
              "uuid": "d39ddcfb-e523-4b54-80f3-e16c875972a4",
              "parentUUID": "80f6274e-0293-415b-9d32-f7124d627d46",
              "isHook": false,
              "skipped": false
            },
            {
              "title": "CORE - Store - No stock",
              "fullTitle": "CORE - Store CORE - Store - No stock",
              "timedOut": null,
              "duration": 145,
              "state": "failed",
              "speed": null,
              "pass": false,
              "fail": true,
              "pending": false,
              "context": null,
              "code": "storePage.interceptProductsAPI_mockOutOfStock();\ncy.visit('/');\nloginPage.makeLogin();\nstorePage.getOutOfStockLbl().invoke('text').should('eq', 'Out of Stock!');",
              "err": {
                "message": "TypeError: storePage.interceptProductsAPI_mockOutOfStock is not a function",
                "estack": "TypeError: storePage.interceptProductsAPI_mockOutOfStock is not a function\n    at Context.eval (webpack:///./cypress/tests/3-core/store.cy.js:18:14)",
                "diff": null
              },
              "uuid": "799392e8-5543-4098-96de-3be1775d44ae",
              "parentUUID": "80f6274e-0293-415b-9d32-f7124d627d46",
              "isHook": false,
              "skipped": false
            }
          ],
          "suites": [],
          "passes": [],
          "failures": [
            "d39ddcfb-e523-4b54-80f3-e16c875972a4",
            "799392e8-5543-4098-96de-3be1775d44ae"
          ],
          "pending": [],
          "skipped": [],
          "duration": 328,
          "root": false,
          "rootEmpty": false,
          "_timeout": 2000
        }
      ],
      "passes": [],
      "failures": [],
      "pending": [],
      "skipped": [],
      "duration": 0,
      "root": true,
      "rootEmpty": true,
      "_timeout": 2000
    }
  ],
  "meta": {
    "mocha": {
      "version": "7.0.1"
    },
    "mochawesome": {
      "options": {
        "quiet": false,
        "reportFilename": "mochawesome",
        "saveHtml": false,
        "saveJson": true,
        "consoleReporter": "spec",
        "useInlineDiffs": false,
        "code": true
      },
      "version": "7.1.3"
    },
    "marge": {
      "options": {
        "reportDir": "cypress/results",
        "overwrite": false,
        "html": false,
        "json": true
      },
      "version": "6.2.0"
    }
  }
}