{
  "stats": {
    "suites": 1,
    "tests": 1,
    "passes": 1,
    "pending": 0,
    "failures": 0,
    "start": "2025-01-03T18:10:21.957Z",
    "end": "2025-01-03T18:10:25.733Z",
    "duration": 3776,
    "testsRegistered": 1,
    "passPercent": 100,
    "pendingPercent": 0,
    "other": 0,
    "hasOther": false,
    "skipped": 0,
    "hasSkipped": false
  },
  "results": [
    {
      "uuid": "1a995e5d-5bb5-4dc1-b2cc-5459d87c0788",
      "title": "",
      "fullFile": "cypress\\tests\\1-e2e\\e2e-multiples-products.cy.js",
      "file": "cypress\\tests\\1-e2e\\e2e-multiples-products.cy.js",
      "beforeHooks": [],
      "afterHooks": [],
      "tests": [],
      "suites": [
        {
          "uuid": "f0a1a01a-eb74-4945-827c-a9c074330ab4",
          "title": "E2E",
          "fullFile": "",
          "file": "",
          "beforeHooks": [],
          "afterHooks": [],
          "tests": [
            {
              "title": "E2E - Finish purchase with multiples products",
              "fullTitle": "E2E E2E - Finish purchase with multiples products",
              "timedOut": null,
              "duration": 3713,
              "state": "passed",
              "speed": "fast",
              "pass": true,
              "fail": false,
              "pending": false,
              "context": null,
              "code": "cy.visit('/');\ncy.intercept_E2E_APIS();\nloginPage.makeLogin_E2E();\nstorePage.addProductsToCart_E2E(2);\ncartPage.enter_E2E();\ncartPage.finishPayment_E2E();",
              "err": {},
              "uuid": "8dcf9a87-7c60-43cd-bc3e-7bb272c5359d",
              "parentUUID": "f0a1a01a-eb74-4945-827c-a9c074330ab4",
              "isHook": false,
              "skipped": false
            }
          ],
          "suites": [],
          "passes": [
            "8dcf9a87-7c60-43cd-bc3e-7bb272c5359d"
          ],
          "failures": [],
          "pending": [],
          "skipped": [],
          "duration": 3713,
          "root": false,
          "rootEmpty": false,
          "_timeout": 2000
        }
      ],
      "passes": [],
      "failures": [],
      "pending": [],
      "skipped": [],
      "duration": 0,
      "root": true,
      "rootEmpty": true,
      "_timeout": 2000
    }
  ],
  "meta": {
    "mocha": {
      "version": "7.0.1"
    },
    "mochawesome": {
      "options": {
        "quiet": false,
        "reportFilename": "mochawesome",
        "saveHtml": false,
        "saveJson": true,
        "consoleReporter": "spec",
        "useInlineDiffs": false,
        "code": true
      },
      "version": "7.1.3"
    },
    "marge": {
      "options": {
        "reportDir": "cypress/results",
        "overwrite": false,
        "html": false,
        "json": true
      },
      "version": "6.2.0"
    }
  }
}