{
  "stats": {
    "suites": 3,
    "tests": 8,
    "passes": 8,
    "pending": 0,
    "failures": 0,
    "start": "2025-01-03T18:10:26.908Z",
    "end": "2025-01-03T18:10:27.299Z",
    "duration": 391,
    "testsRegistered": 8,
    "passPercent": 100,
    "pendingPercent": 0,
    "other": 0,
    "hasOther": false,
    "skipped": 0,
    "hasSkipped": false
  },
  "results": [
    {
      "uuid": "9223c442-3a95-4a1c-be7d-d9e8e156623c",
      "title": "",
      "fullFile": "cypress\\tests\\2-api\\api.cy.js",
      "file": "cypress\\tests\\2-api\\api.cy.js",
      "beforeHooks": [],
      "afterHooks": [],
      "tests": [],
      "suites": [
        {
          "uuid": "1fa9f0ab-c192-4a33-9835-d6ca51a1e311",
          "title": "API - Login",
          "fullFile": "",
          "file": "",
          "beforeHooks": [],
          "afterHooks": [],
          "tests": [
            {
              "title": "API - Login - Ok",
              "fullTitle": "API - Login API - Login - Ok",
              "timedOut": null,
              "duration": 52,
              "state": "passed",
              "speed": "fast",
              "pass": true,
              "fail": false,
              "pending": false,
              "context": null,
              "code": "loginPage.checkUser(username, pwd);\ncy.login_API(username, pwd).then(response => {\n  cy.wrap(response.status).should('eq', 200);\n  cy.wrap(response.body).should('eq', 'Login succeeded.');\n});",
              "err": {},
              "uuid": "d7065881-7b99-49e1-8f01-2e4bc349a7c2",
              "parentUUID": "1fa9f0ab-c192-4a33-9835-d6ca51a1e311",
              "isHook": false,
              "skipped": false
            },
            {
              "title": "API - Login - Invalid user",
              "fullTitle": "API - Login API - Login - Invalid user",
              "timedOut": null,
              "duration": 17,
              "state": "passed",
              "speed": "fast",
              "pass": true,
              "fail": false,
              "pending": false,
              "context": null,
              "code": "cy.login_API(fail_username, fail_pwd).then(response => {\n  cy.wrap(response.status).should('eq', 401);\n  cy.wrap(response.body).should('eq', 'Invalid username/password combo.');\n});",
              "err": {},
              "uuid": "4bbaf814-5a94-463a-9ded-2d4e70afcd9f",
              "parentUUID": "1fa9f0ab-c192-4a33-9835-d6ca51a1e311",
              "isHook": false,
              "skipped": false
            },
            {
              "title": "API - Login - Invalid pwd",
              "fullTitle": "API - Login API - Login - Invalid pwd",
              "timedOut": null,
              "duration": 18,
              "state": "passed",
              "speed": "fast",
              "pass": true,
              "fail": false,
              "pending": false,
              "context": null,
              "code": "cy.login_API(username, fail_pwd).then(response => {\n  cy.wrap(response.status).should('eq', 401);\n  cy.wrap(response.body).should('eq', 'Invalid username/password combo.');\n});",
              "err": {},
              "uuid": "c7d948ef-40ea-435b-b3e7-37db40fb9c87",
              "parentUUID": "1fa9f0ab-c192-4a33-9835-d6ca51a1e311",
              "isHook": false,
              "skipped": false
            }
          ],
          "suites": [],
          "passes": [
            "d7065881-7b99-49e1-8f01-2e4bc349a7c2",
            "4bbaf814-5a94-463a-9ded-2d4e70afcd9f",
            "c7d948ef-40ea-435b-b3e7-37db40fb9c87"
          ],
          "failures": [],
          "pending": [],
          "skipped": [],
          "duration": 87,
          "root": false,
          "rootEmpty": false,
          "_timeout": 2000
        },
        {
          "uuid": "ee77083b-94ae-4fce-8c19-17befd4817f1",
          "title": "API - Register",
          "fullFile": "",
          "file": "",
          "beforeHooks": [],
          "afterHooks": [],
          "tests": [
            {
              "title": "API - Register - Ok",
              "fullTitle": "API - Register API - Register - Ok",
              "timedOut": null,
              "duration": 22,
              "state": "passed",
              "speed": "fast",
              "pass": true,
              "fail": false,
              "pending": false,
              "context": null,
              "code": "const new_username = `${Date.now().toString()}-automation`;\ncy.register_API(new_username, pwd).then(response => {\n  cy.wrap(response.status).should('eq', 200);\n  cy.wrap(response.body).should('eq', 'User created successfully');\n});",
              "err": {},
              "uuid": "99e0930b-3f8b-4858-b8aa-071ace2be36d",
              "parentUUID": "ee77083b-94ae-4fce-8c19-17befd4817f1",
              "isHook": false,
              "skipped": false
            },
            {
              "title": "API - Register - Duplicate",
              "fullTitle": "API - Register API - Register - Duplicate",
              "timedOut": null,
              "duration": 25,
              "state": "passed",
              "speed": "fast",
              "pass": true,
              "fail": false,
              "pending": false,
              "context": null,
              "code": "const new_username = `${Date.now().toString()}-automation`;\ncy.register_API(new_username, pwd).then(() => {\n  cy.register_API(new_username, pwd).then(response => {\n    cy.wrap(response.status).should('eq', 409);\n    cy.wrap(response.body).should('eq', `Username \"${new_username}\" already exists`);\n  });\n});",
              "err": {},
              "uuid": "ac0b47eb-884c-421b-8efb-d11f9b5583d4",
              "parentUUID": "ee77083b-94ae-4fce-8c19-17befd4817f1",
              "isHook": false,
              "skipped": false
            }
          ],
          "suites": [],
          "passes": [
            "99e0930b-3f8b-4858-b8aa-071ace2be36d",
            "ac0b47eb-884c-421b-8efb-d11f9b5583d4"
          ],
          "failures": [],
          "pending": [],
          "skipped": [],
          "duration": 47,
          "root": false,
          "rootEmpty": false,
          "_timeout": 2000
        },
        {
          "uuid": "4d0dd457-9857-4da1-8556-06bc6aacd9b2",
          "title": "API - Get Products",
          "fullFile": "",
          "file": "",
          "beforeHooks": [],
          "afterHooks": [],
          "tests": [
            {
              "title": "API - Get Products - Ok",
              "fullTitle": "API - Get Products API - Get Products - Ok",
              "timedOut": null,
              "duration": 53,
              "state": "passed",
              "speed": "fast",
              "pass": true,
              "fail": false,
              "pending": false,
              "context": null,
              "code": "cy.get_products_API().then(response => {\n  cy.wrap(response.status).should('eq', 200);\n  cy.wrap(response.body).each(product => {\n    cy.wrap(typeof product.product_name).should('eq', 'string');\n    cy.wrap(typeof product.product_qty).should('eq', 'number');\n    cy.wrap(typeof product.product_descr).should('eq', 'string');\n    cy.wrap(response.status).should('eq', 200);\n  });\n});",
              "err": {},
              "uuid": "068c7b7d-8847-43ef-a375-1c40f3cae6ee",
              "parentUUID": "4d0dd457-9857-4da1-8556-06bc6aacd9b2",
              "isHook": false,
              "skipped": false
            },
            {
              "title": "API - Get Products - No Auth",
              "fullTitle": "API - Get Products API - Get Products - No Auth",
              "timedOut": null,
              "duration": 31,
              "state": "passed",
              "speed": "fast",
              "pass": true,
              "fail": false,
              "pending": false,
              "context": null,
              "code": "cy.get_products_API('dsadsa').then(response => {\n  cy.wrap(response.status).should('eq', 401);\n  cy.wrap(response.body).should('eq', 'User must be logged-in to perform this action');\n});",
              "err": {},
              "uuid": "1f819185-aae9-4f7f-b836-8dd769c969b4",
              "parentUUID": "4d0dd457-9857-4da1-8556-06bc6aacd9b2",
              "isHook": false,
              "skipped": false
            },
            {
              "title": "API - Get Products - Info",
              "fullTitle": "API - Get Products API - Get Products - Info",
              "timedOut": null,
              "duration": 84,
              "state": "passed",
              "speed": "fast",
              "pass": true,
              "fail": false,
              "pending": false,
              "context": null,
              "code": "cy.get_products_API().then(response => {\n  cy.wrap(response.body).each(product => {\n    cy.get_product_info_API(undefined, product.product_name).then(response => {\n      const product = response.body;\n      cy.wrap(typeof product.product_name).should('eq', 'string');\n      cy.wrap(typeof product.product_qty).should('eq', 'number');\n      cy.wrap(typeof product.product_descr).should('eq', 'string');\n      cy.wrap(response.status).should('eq', 200);\n    });\n  });\n});",
              "err": {},
              "uuid": "65f2feae-4edd-46dc-a54e-9532b53a2e15",
              "parentUUID": "4d0dd457-9857-4da1-8556-06bc6aacd9b2",
              "isHook": false,
              "skipped": false
            }
          ],
          "suites": [],
          "passes": [
            "068c7b7d-8847-43ef-a375-1c40f3cae6ee",
            "1f819185-aae9-4f7f-b836-8dd769c969b4",
            "65f2feae-4edd-46dc-a54e-9532b53a2e15"
          ],
          "failures": [],
          "pending": [],
          "skipped": [],
          "duration": 168,
          "root": false,
          "rootEmpty": false,
          "_timeout": 2000
        }
      ],
      "passes": [],
      "failures": [],
      "pending": [],
      "skipped": [],
      "duration": 0,
      "root": true,
      "rootEmpty": true,
      "_timeout": 2000
    }
  ],
  "meta": {
    "mocha": {
      "version": "7.0.1"
    },
    "mochawesome": {
      "options": {
        "quiet": false,
        "reportFilename": "mochawesome",
        "saveHtml": false,
        "saveJson": true,
        "consoleReporter": "spec",
        "useInlineDiffs": false,
        "code": true
      },
      "version": "7.1.3"
    },
    "marge": {
      "options": {
        "reportDir": "cypress/results",
        "overwrite": false,
        "html": false,
        "json": true
      },
      "version": "6.2.0"
    }
  }
}